<?xml version="1.0" encoding="UTF-8"?>
<!-- Generated by org.testng.reporters.JUnitXMLReporter -->
<testsuite ignored="0" hostname="DESKTOP-38MES30" failures="3" tests="12" name="AutoQA" time="35.731" errors="0" timestamp="2019-09-18T15:36:06 EEST">
  <testcase classname="UserTest" name="loginExistUser" time="10.818">
    <failure type="java.lang.IllegalStateException" message="Cannot parse object because no supported Content-Type was specified in response. Content-Type was &amp;apos;text/html; charset=UTF-8&amp;apos;.">
      <![CDATA[java.lang.IllegalStateException: Cannot parse object because no supported Content-Type was specified in response. Content-Type was 'text/html; charset=UTF-8'.
at org.codehaus.groovy.runtime.callsite.ConstructorSite$ConstructorSiteNoUnwrapNoCoerce.callConstructor(ConstructorSite.java:105)
at org.codehaus.groovy.runtime.callsite.CallSiteArray.defaultCallConstructor(CallSiteArray.java:59)
at org.codehaus.groovy.runtime.callsite.AbstractCallSite.callConstructor(AbstractCallSite.java:237)
at org.codehaus.groovy.runtime.callsite.AbstractCallSite.callConstructor(AbstractCallSite.java:249)
at io.restassured.internal.mapping.ObjectMapping.deserialize(ObjectMapping.groovy:89)
at io.restassured.internal.mapping.ObjectMapping$deserialize$0.call(Unknown Source)
at io.restassured.internal.RestAssuredResponseOptionsGroovyImpl.as(RestAssuredResponseOptionsGroovyImpl.groovy:224)
at io.restassured.internal.RestAssuredResponseOptionsImpl.as(RestAssuredResponseOptionsImpl.java:169)
at business.UserBL.userAuth(UserBL.java:80)
at business.UserBL.userLogin(UserBL.java:70)
at UserTest.loginExistUser(UserTest.java:38)
at java.base/java.util.concurrent.ThreadPoolExecutor.runWorker(ThreadPoolExecutor.java:1128)
at java.base/java.util.concurrent.ThreadPoolExecutor$Worker.run(ThreadPoolExecutor.java:628)
at java.base/java.lang.Thread.run(Thread.java:835)
... Removed 18 stack frames]]>
    </failure>
  </testcase> <!-- loginExistUser -->
  <testcase classname="UserTest" name="loginNotExistUser" time="0.669"/>
  <testcase classname="UserTest" name="registerEmptyUser" time="0.613"/>
  <testcase classname="UserTest" name="registerTest" time="3.292"/>
  <testcase classname="UserTest" name="registerUserWithDigitName" time="3.092">
    <failure type="java.lang.NullPointerException">
      <![CDATA[java.lang.NullPointerException
at utils.SerchingIntoList.messageSearching(SerchingIntoList.java:14)
at assertions.ErrorAssertions.hasBadInputErrorMessage(ErrorAssertions.java:16)
at business.UserBL.userRegisterWithDigitsName(UserBL.java:153)
at UserTest.registerUserWithDigitName(UserTest.java:48)
at java.base/java.util.concurrent.ThreadPoolExecutor.runWorker(ThreadPoolExecutor.java:1128)
at java.base/java.util.concurrent.ThreadPoolExecutor$Worker.run(ThreadPoolExecutor.java:628)
at java.base/java.lang.Thread.run(Thread.java:835)
... Removed 12 stack frames]]>
    </failure>
  </testcase> <!-- registerUserWithDigitName -->
  <testcase classname="UserTest" name="registerUserWithEmailOnly" time="0.621"/>
  <testcase classname="UserTest" name="registerUserWithInvalidPhoneNumber" time="0.616"/>
  <testcase classname="UserTest" name="registerUserWithMetaSymbolName" time="2.886">
    <failure type="java.lang.NullPointerException">
      <![CDATA[java.lang.NullPointerException
at utils.SerchingIntoList.messageSearching(SerchingIntoList.java:14)
at assertions.ErrorAssertions.hasBadInputErrorMessage(ErrorAssertions.java:16)
at business.UserBL.userRegisterWithMetaSymbolsName(UserBL.java:167)
at UserTest.registerUserWithMetaSymbolName(UserTest.java:53)
at java.base/java.util.concurrent.ThreadPoolExecutor.runWorker(ThreadPoolExecutor.java:1128)
at java.base/java.util.concurrent.ThreadPoolExecutor$Worker.run(ThreadPoolExecutor.java:628)
at java.base/java.lang.Thread.run(Thread.java:835)
... Removed 12 stack frames]]>
    </failure>
  </testcase> <!-- registerUserWithMetaSymbolName -->
  <testcase classname="UserTest" name="registerUserWithNotConfirmPassword" time="0.622"/>
  <testcase classname="ProductTest" name="addProductToCartTest" time="10.628"/>
  <testcase classname="ProductTest" name="deleteNotExistProduct" time="0.514"/>
  <testcase classname="ProductTest" name="getIphoneListTest" time="0.324"/>
</testsuite> <!-- AutoQA -->
