<?xml version="1.0" encoding="UTF-8"?>
<testsuite xmlns:xsi="http://www.w3.org/2001/XMLSchema-instance" xsi:noNamespaceSchemaLocation="https://maven.apache.org/surefire/maven-surefire-plugin/xsd/surefire-test-report.xsd" name="TestSuite" time="38.538" tests="12" errors="0" skipped="0" failures="3">
  <properties>
[...]
</properties>
  <testcase name="loginExistUser" classname="UserTest" time="11.299">
    <failure message="Cannot parse object because no supported Content-Type was specified in response. Content-Type was &apos;text/html; charset=UTF-8&apos;." type="java.lang.IllegalStateException">java.lang.IllegalStateException: Cannot parse object because no supported Content-Type was specified in response. Content-Type was 'text/html; charset=UTF-8'.
	at UserTest.loginExistUser(UserTest.java:38)
</failure>
    <system-out><![CDATA[[TestNGContentHandler] [WARN] It is strongly recommended to add "<!DOCTYPE suite SYSTEM "https://testng.org/testng-1.0.dtd" >" at the top of your file, otherwise TestNG may fail or not work as expected.
2019-09-18 15:35:31 INFO  Listener:23 - Tets loginExistUser starts
HTTP/1.1 404 Not Found
Date: Wed, 18 Sep 2019 12:35:59 GMT
Content-Type: text/html; charset=UTF-8
Transfer-Encoding: chunked
Connection: keep-alive
Set-Cookie: __cfduid=d3964e1313954be072ec90d99015c134b1568810159; expires=Thu, 17-Sep-20 12:35:59 GMT; path=/; domain=.citrus.ua; HttpOnly; Secure
Vary: Accept-Encoding
Cache-Control: no-cache, private
Set-Cookie: XSRF-TOKEN=eyJpdiI6IldiNzhjMVVKam4rM1NKQVpzV3VKNlE9PSIsInZhbHVlIjoiOGc0UlZLalk3MmNvMmpcL09FQkplSTZPczM4REVXUGszQk81OTVwZ0xNQmcwWE5VVHBPQ3J0WFFCUDlDenIzR00xU3BvM3JCSTF6WXc4TENBaUJ4ZTRRPT0iLCJtYWMiOiJmNzhhNjBiMTgxYTdhMjM0NTAxMmJiMDhjYmNhNjkxODg2YjFmMTFiOTQyMjU0ZmEzNGI2MmNjZWRmYWFkM2JhIn0%3D; expires=Wed, 18-Sep-2019 14:35:59 GMT; Max-Age=7200; path=/
set-cookie: laravel_session=eyJpdiI6ImdsWVREUUhJTDBqZGs1aHRKdGVpVlE9PSIsInZhbHVlIjoiOE9HR3BnUGppb0gzVEpCQmhiZVp4eWtZSnB4S3NCZmd1UFRsZHpzWHp4U2ZTQ1BMbVwvMUgzTFhhQm4yUkU5SWtmeGxiK1NYQkxQUlJVaTQ2UHRoS2dnPT0iLCJtYWMiOiIxMmVmM2UwN2RjNjBjMjM1MGY4MjY0ODU0YTgxMWE2MTYwOTViNGQ4NmVlMDQ2MjFlMTIyNjcyZGFhZGQ3M2RjIn0%3D; path=/; httponly
Expect-CT: max-age=604800, report-uri="https://report-uri.cloudflare.com/cdn-cgi/beacon/expect-ct"
Server: cloudflare
CF-RAY: 51835ce66d3dad18-OTP
Content-Encoding: gzip

<html lang="ru">
  <head>
    <meta charset="UTF-8"/>
    <meta http-equiv="X-UA-Compatible" content="IE=edge"/>
    <meta name="keywords" content=""/>
    <meta name="description" content=""/>
    <meta name="viewport" content="width=device-width, initial-scale=1"/>
    <title>404 Error</title>
    <link href="https://fonts.googleapis.com/css?family=Ubuntu:300,400" rel="stylesheet"/>
    <link rel="stylesheet" type="text/css" href="https://my.citrus.ua/css/page-404/main.css?1568797403"/>
  </head>
  <body>
    <div class="Error404">
      <div class="errorWrapper">
        <div class="topMenu">
          <ul class="mainMenu">
            <li class="menuItem">
              <a shape="rect" href="">
                <img class="logoError" src="https://my.citrus.ua/img/page-404/logo_citrus.svg" onerror="this.onerror=null; this.src='https://my.citrus.ua/img/page-404/logo_citrus.png'"/>
              </a>
            </li>
            <li class="menuItem">
              <div class="description">???????? ?????:</div>
              <div class="description">
                <a shape="rect" class="telNum" href="tel:0800207020">0 800 20 70 20</a>
              </div>
            </li>
            <li class="menuItem">
              <div class="description">?????? ????????? ????????</div>
              <div class="description">
                <a shape="rect" class="telNum" href="tel:0800207030">0 800 20 70 30</a>
              </div>
            </li>
            <li class="menuItem">
              <div class="description">?????? ??????</div>
              <div class="description">
                <a shape="rect" class="telNum" href="tel:08002000170">0 800 2000 170</a>
              </div>
            </li>
          </ul>
        </div>
        <div class="errorContainer">
          <div class="containerWithPadding">
            <div class="mainContainerForError">
              <div class="errorContent">
                <img class="number1" src="https://my.citrus.ua/img/page-404/four.svg" onerror="this.onerror=null; this.src='https://my.citrus.ua/img/page-404/four.png'"/>
                <img class="errorImage" src="https://my.citrus.ua/uploads/errorpage/a99def27f586502106fb9e58cead5a79.png" alt="Number 4"/>
                <img class="number2" src="https://my.citrus.ua/img/page-404/four.svg" onerror="this.onerror=null; this.src='https://my.citrus.ua/img/page-404/four.png'"/>
              </div>
            </div>
          </div>
        </div>
        <div class="about">
          <p>
????????????? ???????? ?? ??????????.
</p>
          <p class="errorName">
??????????
</p>
          <p class="proposal"/>
          <p>
????????? ????? ???????? ? ?????, ??????? ????? ??????? ??             <a shape="rect" href="">????-?????? </a>
          </p>
        </div>
      </div>
    </div>
  </body>
</html>
io.restassured.internal.RestAssuredResponseImpl@7d980af6
2019-09-18 15:35:42 ERROR Listener:42 - Test loginExistUser failed
]]></system-out>
  </testcase>
  <testcase name="loginNotExistUser" classname="UserTest" time="0.465"/>
  <testcase name="registerEmptyUser" classname="UserTest" time="0.585"/>
  <testcase name="registerTest" classname="UserTest" time="3.298"/>
  <testcase name="registerUserWithDigitName" classname="UserTest" time="3.131">
    <failure type="java.lang.NullPointerException">java.lang.NullPointerException
	at UserTest.registerUserWithDigitName(UserTest.java:48)
</failure>
    <system-out><![CDATA[2019-09-18 15:35:46 INFO  Listener:23 - Tets registerUserWithDigitName starts
2019-09-18 15:35:50 ERROR Listener:42 - Test registerUserWithDigitName failed
]]></system-out>
  </testcase>
  <testcase name="registerUserWithEmailOnly" classname="UserTest" time="0.631"/>
  <testcase name="registerUserWithInvalidPhoneNumber" classname="UserTest" time="0.645"/>
  <testcase name="registerUserWithMetaSymbolName" classname="UserTest" time="2.895">
    <failure type="java.lang.NullPointerException">java.lang.NullPointerException
	at UserTest.registerUserWithMetaSymbolName(UserTest.java:53)
</failure>
    <system-out><![CDATA[2019-09-18 15:35:51 INFO  Listener:23 - Tets registerUserWithMetaSymbolName starts
2019-09-18 15:35:54 ERROR Listener:42 - Test registerUserWithMetaSymbolName failed
]]></system-out>
  </testcase>
  <testcase name="registerUserWithNotConfirmPassword" classname="UserTest" time="0.666"/>
  <testcase name="addProductToCartTest" classname="ProductTest" time="10.731"/>
  <testcase name="deleteNotExistProduct" classname="ProductTest" time="0.582"/>
  <testcase name="getIphoneListTest" classname="ProductTest" time="0.454"/>
</testsuite>